   1   1   1   0   0   0  Jan
  20  12  27   0   0   0  Dec
   1   1   1   0   0   0  Jan
  10  12  30   0   0   0  Dec
   1   1   1   0   0   0  Jan
  10  12  30   0   0   0  Dec
   1   1   1   0   0   0  Jan
  10  12  30   0   0   0  Dec
   1   1   1   0   0   0  Jan
  10  12  30   0   0   0  Dec
   1   1   1   0   0   0  Jan
  10  12  30   0   0   0  Dec
   1   1   1   0   0   0  Jan
  10  12  30   0   0   0  Dec
   1   1   1   0   0   0  Jan
  10  12  30   0   0   0  Dec
   1   1   1   0   0   0  Jan
  10  12  30   0   0   0  Dec
   1   1   1   0   0   0  Jan
  10  12  30   0   0   0  Dec
   1   1   1   0   0   0  Jan
  10  12  30   0   0   0  Dec
   1   1   1   0   0   0  Jan
  10  12  30   0   0   0  Dec
   1   1   1   0   0   0  Jan
  10  12  30   0   0   0  Dec
   1   1   1   0   0   0  Jan
  10  12  30   0   0   0  Dec
   1   1   1   0   0   0  Jan
  10  12  30   0   0   0  Dec
   1   1   1   0   0   0  Jan
  10  12  30   0   0   0  Dec
   1   1   1   0   0   0  Jan
  10  12  30   0   0   0  Dec
   1   1   1   0   0   0  Jan
  10  12  30   0   0   0  Dec
   1   1   1   0   0   0  Jan
  10  12  30   0   0   0  Dec
   1   1   1   0   0   0  Jan
  10  12  30   0   0   0  Dec
   1   1   1   0   0   0  Jan
   2   1   1   0   0   0  Jan
   1   1   1   0   0   0  Jan
   2   1   1   0   0   0  Jan
   1   1   1   0   0   0  Jan
   2   1   1   0   0   0  Jan
   1   1   1   0   0   0  Jan
   2   1   1   0   0   0  Jan
   1   1   1   0   0   0  Jan
  10  12  30   0   0   0  Dec
   1   1   1   0   0   0  Jan
  10  12  30   0   0   0  Dec
   1   1   1   0   0   0  Jan
  10  12  30   0   0   0  Dec
   1   1   1   0   0   0  Jan
  10  12  30   0   0   0  Dec
   1   1   1   0   0   0  Jan
  10  12  30   0   0   0  Dec
   1   1   1   0   0   0  Jan
  10  12  30   0   0   0  Dec
   1   1   1   0   0   0  Jan
  10  12  30   0   0   0  Dec
   1   1   1   0   0   0  Jan
  10  12  30   0   0   0  Dec
   1   1   1   0   0   0  Jan
  10  12  30   0   0   0  Dec
   1   1   1   0   0   0  Jan
  10  12  30   0   0   0  Dec
   1   1   1   0   0   0  Jan
  10  12  30   0   0   0  Dec
   1   1   1   0   0   0  Jan
  10  12  30   0   0   0  Dec
   1   1   1   0   0   0  Jan
  10  12  30   0   0   0  Dec
   1   1   1   0   0   0  Jan
  10  12  30   0   0   0  Dec
   1   1   1   0   0   0  Jan
  10  12  30   0   0   0  Dec
   1   1   1   0   0   0  Jan
  10  12  30   0   0   0  Dec
   1   1   1   0   0   0  Jan
  10  12  30   0   0   0  Dec
   1   1   1   0   0   0  Jan
  10  12  30   0   0   0  Dec
   1   1   1   0   0   0  Jan
  10  12  30   0   0   0  Dec
   1   1   1   0   0   0  Jan
  10  12  30   0   0   0  Dec
   1   1   1   0   0   0  Jan
  10  12  30   0   0   0  Dec
   1   1   1   0   0   0  Jan
  10  12  30   0   0   0  Dec
   1   1   1   0   0   0  Jan
  10  12  30   0   0   0  Dec
   1   1   1   0   0   0  Jan
  10  12  30   0   0   0  Dec
   1   1   1   0   0   0  Jan
  10  12  30   0   0   0  Dec
   1   1   1   0   0   0  Jan
  10  12  30   0   0   0  Dec
   1   1   1   0   0   0  Jan
  10  12  30   0   0   0  Dec
   1   1   1   0   0   0  Jan
  10  12  30   0   0   0  Dec
   1   1   1   0   0   0  Jan
  10  12  30   0   0   0  Dec
   1   1   1   0   0   0  Jan
  10  12  30   0   0   0  Dec
   1   1   1   0   0   0  Jan
  10  12  30   0   0   0  Dec
   1   1   1   0   0   0  Jan
  10  12  30   0   0   0  Dec
   1   1   1   0   0   0  Jan
  10  12  30   0   0   0  Dec
   1   1   1   0   0   0  Jan
  10  12  30   0   0   0  Dec
   1   1   1   0   0   0  Jan
  10  12  30   0   0   0  Dec
   1   1   1   0   0   0  Jan
  10  12  30   0   0   0  Dec
   1   1   1   0   0   0  Jan
  10  12  30   0   0   0  Dec
   1   1   1   0   0   0  Jan
  10  12  30   0   0   0  Dec
   1   1   1   0   0   0  Jan
  10  12  30   0   0   0  Dec
   1   1   1   0   0   0  Jan
  10  12  30   0   0   0  Dec
